<?xml version="1.0" encoding="UTF-8"?>
<!-- Generated by org.testng.reporters.JUnitReportReporter -->
<testsuite hostname="NTS203736MC" name="com.applitools.ModernTestsV2.ParallelTest" tests="1" failures="0" timestamp="7 Jul 2020 10:55:47 GMT" time="60.774" errors="0">
  <testcase name="invokeBrowser" time="60.774" classname="com.applitools.ModernTestsV2.ParallelTest"/>
</testsuite> <!-- com.applitools.ModernTestsV2.ParallelTest -->
