<?xml version="1.0" encoding="UTF-8"?>
<!-- Generated by org.testng.reporters.JUnitReportReporter -->
<testsuite hostname="NTS203736MC" name="com.applitools.ModernTestsV1.ParallelTest" tests="1" failures="0" timestamp="7 Jul 2020 10:36:58 GMT" time="19.315" errors="0">
  <testcase name="invokeBrowser" time="19.315" classname="com.applitools.ModernTestsV1.ParallelTest"/>
</testsuite> <!-- com.applitools.ModernTestsV1.ParallelTest -->
