<?xml version="1.0" encoding="UTF-8"?>
<!-- Generated by org.testng.reporters.JUnitReportReporter -->
<testsuite hostname="NTS203736MC" name="com.applitools.TraditionalTestsV1.TraditionalTestsV1" tests="1" failures="0" timestamp="7 Jul 2020 14:35:56 GMT" time="93.185" errors="0">
  <testcase name="invokeBrowser" time="93.185" classname="com.applitools.TraditionalTestsV1.TraditionalTestsV1"/>
</testsuite> <!-- com.applitools.TraditionalTestsV1.TraditionalTestsV1 -->
