<?xml version="1.0" encoding="UTF-8"?>
<!-- Generated by org.testng.reporters.JUnitReportReporter -->
<testsuite hostname="NTS203736MC" name="com.applitools.TraditionalTestsV1.ParallelTest" tests="1" failures="0" timestamp="7 Jul 2020 13:30:35 GMT" time="97.004" errors="0">
  <testcase name="invokeBrowser" time="97.004" classname="com.applitools.TraditionalTestsV1.ParallelTest"/>
</testsuite> <!-- com.applitools.TraditionalTestsV1.ParallelTest -->
