<?xml version="1.0" encoding="UTF-8"?>
<!-- Generated by org.testng.reporters.JUnitReportReporter -->
<testsuite hostname="NTS203736MC" name="com.applitools.TraditionalTestsV2.TraditionalTestsV2" tests="1" failures="0" timestamp="7 Jul 2020 14:41:09 GMT" time="124.999" errors="0">
  <testcase name="invokeBrowser" time="124.999" classname="com.applitools.TraditionalTestsV2.TraditionalTestsV2"/>
</testsuite> <!-- com.applitools.TraditionalTestsV2.TraditionalTestsV2 -->
