<?xml version="1.0" encoding="UTF-8"?>
<!-- Generated by org.testng.reporters.JUnitReportReporter -->
<testsuite hostname="NTS203736MC" name="com.applitools.ModernTestsV1.ModernTestsV1" tests="1" failures="0" timestamp="7 Jul 2020 15:02:03 GMT" time="56.882" errors="0">
  <testcase name="invokeBrowser" time="56.882" classname="com.applitools.ModernTestsV1.ModernTestsV1"/>
</testsuite> <!-- com.applitools.ModernTestsV1.ModernTestsV1 -->
