<?xml version="1.0" encoding="UTF-8"?>
<!-- Generated by org.testng.reporters.JUnitReportReporter -->
<testsuite hostname="NTS203736MC" name="com.applitools.ModernTestsV2.ModernTestsV2" tests="1" failures="0" timestamp="7 Jul 2020 15:04:27 GMT" time="56.837" errors="0">
  <testcase name="invokeBrowser" time="56.837" classname="com.applitools.ModernTestsV2.ModernTestsV2"/>
</testsuite> <!-- com.applitools.ModernTestsV2.ModernTestsV2 -->
